2025-05-04 23:46:08,596 — __main__: (ERROR) This is a test log
2025-05-04 23:47:47,903 — hello: (ERROR) This is a test log
2025-05-04 23:51:48,091 — __main__: (INFO) Starting chatbot...
2025-05-04 23:52:40,061 — __main__: (INFO) Starting chatbot...
2025-05-04 23:55:18,732 — __main__: (INFO) Starting chatbot...
2025-05-04 23:55:18,795 — src.chat: (INFO) testing
2025-05-04 23:57:21,614 — __main__: (ERROR) This is a test log
2025-05-04 23:58:07,940 — __main__: (INFO) Starting chatbot...
2025-05-05 00:00:11,363 — __main__: (INFO) Starting chatbot...
2025-05-05 00:03:24,823 — __main__: (INFO) Starting chatbot...
2025-05-05 00:04:48,831 — __main__: (INFO) Starting chatbot...
2025-05-05 00:05:15,824 — __main__: (INFO) Starting chatbot...
2025-05-05 00:06:02,659 — __main__: (INFO) Starting chatbot...
2025-05-05 00:06:33,817 — __main__: (INFO) Starting chatbot...
2025-05-05 00:08:04,485 — __main__: (INFO) Starting chatbot...
2025-05-05 00:08:40,091 — __main__: (INFO) Starting chatbot...
2025-05-05 00:09:27,141 — main.py: (INFO) Starting chatbot...
(INFO) 2025-05-05 00:10:16,713 — main.py: Starting chatbot...
2025-05-05 00:12:14,653: main.py -> (INFO) Starting chatbot...
2025-05-05 00:13:28,493 INFO: main.py -> Starting chatbot...
2025-05-05 00:15:47,551 INFO: main.py -> Starting chatbot...
2025-05-05 00:15:47,643 INFO: response_generator.py -> Model and Tokenizer load success.
